0 info it worked if it ends with ok
1 verbose cli [ 'node', '/usr/local/bin/npm', 'install' ]
2 info using npm@2.11.2
3 info using node@v0.12.6
4 verbose config Skipping project config: /Users/Victoria/.npmrc. (matches userconfig)
5 verbose readDependencies loading dependencies from /Users/Victoria/package.json
6 error install Couldn't read dependencies
7 verbose stack Error: ENOENT, open '/Users/Victoria/package.json'
7 verbose stack     at Error (native)
8 verbose cwd /Users/Victoria/Documents/Initiummedia/hk_legco
9 error Darwin 14.4.0
10 error argv "node" "/usr/local/bin/npm" "install"
11 error node v0.12.6
12 error npm  v2.11.2
13 error path /Users/Victoria/package.json
14 error code ENOPACKAGEJSON
15 error errno -2
16 error package.json ENOENT, open '/Users/Victoria/package.json'
16 error package.json This is most likely not a problem with npm itself.
16 error package.json npm can't find a package.json file in your current directory.
17 verbose exit [ -2, true ]
